<?xml version="1.0" encoding="UTF-8"?>
<testng-results ignored="0" total="2" passed="2" failed="0" skipped="0">
  <reporter-output>
  </reporter-output>
  <suite started-at="2020-08-28T12:59:45 IST" name="Suite" finished-at="2020-08-28T12:59:45 IST" duration-ms="77">
    <groups>
    </groups>
    <test started-at="2020-08-28T12:59:45 IST" name="Test" finished-at="2020-08-28T12:59:45 IST" duration-ms="77">
      <class name="xsltreportdemo.FirstReport">
        <test-method signature="test()[pri:0, instance:xsltreportdemo.FirstReport@7d8995e]" started-at="2020-08-28T12:59:45 IST" name="test" finished-at="2020-08-28T12:59:45 IST" duration-ms="15" status="PASS">
          <reporter-output>
          </reporter-output>
        </test-method> <!-- test -->
        <test-method signature="test1()[pri:0, instance:xsltreportdemo.FirstReport@7d8995e]" started-at="2020-08-28T12:59:45 IST" name="test1" finished-at="2020-08-28T12:59:45 IST" duration-ms="3" status="PASS">
          <reporter-output>
          </reporter-output>
        </test-method> <!-- test1 -->
      </class> <!-- xsltreportdemo.FirstReport -->
    </test> <!-- Test -->
  </suite> <!-- Suite -->
</testng-results>
