<?xml version="1.0" encoding="UTF-8"?>
<testng-results ignored="0" total="1" passed="1" failed="0" skipped="0">
  <reporter-output>
  </reporter-output>
  <suite started-at="2020-08-19T20:39:29 IST" name="Default suite" finished-at="2020-08-19T20:39:33 IST" duration-ms="4341">
    <groups>
    </groups>
    <test started-at="2020-08-19T20:39:29 IST" name="Default test" finished-at="2020-08-19T20:39:33 IST" duration-ms="4341">
      <class name="Demo.AuthenticationHandling">
        <test-method signature="authentication()[pri:0, instance:Demo.AuthenticationHandling@6d2a209c]" started-at="2020-08-19T20:39:29 IST" name="authentication" finished-at="2020-08-19T20:39:33 IST" duration-ms="4252" status="PASS">
          <reporter-output>
          </reporter-output>
        </test-method> <!-- authentication -->
      </class> <!-- Demo.AuthenticationHandling -->
    </test> <!-- Default test -->
  </suite> <!-- Default suite -->
</testng-results>
