<?xml version="1.0" encoding="UTF-8"?>
<testng-results ignored="0" total="2" passed="2" failed="0" skipped="0">
  <reporter-output>
    <line>
      <![CDATA[----------Browser Initiated----------]]>
    </line>
    <line>
      <![CDATA[----------First Test Completed--------------]]>
    </line>
    <line>
      <![CDATA[----------Second Test Completed--------------]]>
    </line>
    <line>
      <![CDATA[----------Browser Closed----------]]>
    </line>
  </reporter-output>
  <suite started-at="2020-08-29T18:30:15 IST" name="Suite" finished-at="2020-08-29T18:30:29 IST" duration-ms="14047">
    <groups>
    </groups>
    <test started-at="2020-08-29T18:30:15 IST" name="Test" finished-at="2020-08-29T18:30:29 IST" duration-ms="14047">
      <class name="baseClass.TestClass">
        <test-method is-config="true" signature="setupbrowser()[pri:0, instance:baseClass.TestClass@4135c3b]" started-at="2020-08-29T18:30:15 IST" name="setupbrowser" finished-at="2020-08-29T18:30:27 IST" duration-ms="11958" status="PASS">
          <reporter-output>
            <line>
              <![CDATA[----------Browser Initiated----------]]>
            </line>
          </reporter-output>
        </test-method> <!-- setupbrowser -->
        <test-method signature="testapplication()[pri:0, instance:baseClass.TestClass@4135c3b]" started-at="2020-08-29T18:30:27 IST" name="testapplication" finished-at="2020-08-29T18:30:28 IST" duration-ms="268" status="PASS">
          <reporter-output>
            <line>
              <![CDATA[----------First Test Completed--------------]]>
            </line>
          </reporter-output>
        </test-method> <!-- testapplication -->
        <test-method signature="testapplication2()[pri:0, instance:baseClass.TestClass@4135c3b]" started-at="2020-08-29T18:30:28 IST" name="testapplication2" finished-at="2020-08-29T18:30:28 IST" duration-ms="221" status="PASS">
          <reporter-output>
            <line>
              <![CDATA[----------Second Test Completed--------------]]>
            </line>
          </reporter-output>
        </test-method> <!-- testapplication2 -->
        <test-method is-config="true" signature="stopbrowser()[pri:0, instance:baseClass.TestClass@4135c3b]" started-at="2020-08-29T18:30:28 IST" name="stopbrowser" finished-at="2020-08-29T18:30:29 IST" duration-ms="1529" status="PASS">
          <reporter-output>
            <line>
              <![CDATA[----------Browser Closed----------]]>
            </line>
          </reporter-output>
        </test-method> <!-- stopbrowser -->
      </class> <!-- baseClass.TestClass -->
    </test> <!-- Test -->
  </suite> <!-- Suite -->
</testng-results>
