<?xml version="1.0" encoding="UTF-8"?>
<testsuite xmlns:xsi="http://www.w3.org/2001/XMLSchema-instance" xsi:noNamespaceSchemaLocation="https://maven.apache.org/surefire/maven-surefire-plugin/xsd/surefire-test-report-3.0.xsd" version="3.0" name="TestSuite" time="3.452" tests="8" errors="0" skipped="0" failures="3">
  <properties>
[...]
</properties>
  <testcase name="test1" classname="testClasses.TestClass1" time="0.238">
    <system-err><![CDATA[SLF4J: Failed to load class "org.slf4j.impl.StaticLoggerBinder".
SLF4J: Defaulting to no-operation (NOP) logger implementation
SLF4J: See http://www.slf4j.org/codes.html#StaticLoggerBinder for further details.
]]></system-err>
  </testcase>
  <testcase name="test2" classname="testClasses.TestClass1" time="0.004"/>
  <testcase name="test3" classname="testClasses.TestClass1" time="0.003"/>
  <testcase name="test7" classname="testClasses.TestClass1" time="0.024">
    <failure message="The following asserts failed:&#10;	Failed expected [false] but found [true]" type="java.lang.AssertionError"><![CDATA[java.lang.AssertionError: 
The following asserts failed:
	Failed expected [false] but found [true]
	at testClasses.TestClass1.test7(TestClass1.java:44)
]]></failure>
  </testcase>
  <testcase name="test8" classname="testClasses.TestClass1" time="0.006">
    <failure message="The following asserts failed:&#10;	Failed expected [false] but found [true],&#10;	Failed expected [false] but found [true]" type="java.lang.AssertionError"><![CDATA[java.lang.AssertionError: 
The following asserts failed:
	Failed expected [false] but found [true],
	Failed expected [false] but found [true]
	at testClasses.TestClass1.test8(TestClass1.java:52)
]]></failure>
  </testcase>
  <testcase name="test4" classname="testClasses.TestClass2" time="0.003"/>
  <testcase name="test5" classname="testClasses.TestClass2" time="0.004"/>
  <testcase name="test6" classname="testClasses.TestClass2" time="0.009">
    <failure message="Failed expected [false] but found [true]" type="java.lang.AssertionError"><![CDATA[java.lang.AssertionError: Failed expected [false] but found [true]
	at testClasses.TestClass2.test6(TestClass2.java:30)
]]></failure>
  </testcase>
</testsuite>